2025-08-03 10:32:00 | DEBUG | repo=arquillian-phantom-binary | action=commit
2025-10-24 07:54:00 | DEBUG | repo=arquillian-phantom-binary | action=pull
2025-07-22 07:42:00 | INFO | repo=arquillian-phantom-binary | action=edit | files=5
2025-07-15 09:14:00 | DEBUG | repo=arquillian-phantom-binary | action=test | passed=true
2025-10-18 13:01:00 | DEBUG | repo=arquillian-phantom-binary | action=pull
2025-01-16 12:41:00 | INFO | repo=arquillian-phantom-binary | action=commit
2025-04-07 15:39:00 | DEBUG | repo=arquillian-phantom-binary | action=commit
2025-10-08 08:14:00 | INFO | repo=arquillian-phantom-binary | action=pull
2025-07-13 14:46:00 | DEBUG | repo=arquillian-phantom-binary | action=edit | files=4
2025-06-21 20:50:00 | WARN | repo=arquillian-phantom-binary | action=commit
2025-09-07 18:28:00 | WARN | repo=arquillian-phantom-binary | action=test | passed=true
2025-12-05 09:13:00 | DEBUG | repo=arquillian-phantom-binary | action=commit
2025-12-03 13:56:00 | WARN | repo=arquillian-phantom-binary | action=commit
2025-08-10 08:38:00 | INFO | repo=arquillian-phantom-binary | action=edit | files=4
2025-03-17 08:53:00 | INFO | repo=arquillian-phantom-binary | action=commit
2025-11-28 10:45:00 | WARN | repo=arquillian-phantom-binary | action=commit
2025-12-28 20:31:00 | DEBUG | repo=arquillian-phantom-binary | action=commit
2025-08-23 07:05:00 | INFO | repo=arquillian-phantom-binary | action=pull
2025-10-23 16:51:00 | INFO | repo=arquillian-phantom-binary | action=test | passed=true
2025-11-21 09:20:00 | WARN | repo=arquillian-phantom-binary | action=test | passed=true
2025-09-03 08:55:00 | WARN | repo=arquillian-phantom-binary | action=edit | files=1
2025-08-17 18:44:00 | WARN | repo=arquillian-phantom-binary | action=pull
2025-02-11 08:44:00 | DEBUG | repo=arquillian-phantom-binary | action=commit
2025-01-15 18:22:00 | DEBUG | repo=arquillian-phantom-binary | action=commit
2025-11-22 17:03:00 | INFO | repo=arquillian-phantom-binary | action=test | passed=true
2025-01-03 21:45:00 | INFO | repo=arquillian-phantom-binary | action=commit
2025-05-14 18:29:00 | WARN | repo=arquillian-phantom-binary | action=commit
